TN:
SF:/home/ericpts/Projects/ProiectIP/colorzr/coconuts/static/coconuts/js/coconuts.js
FN:2,(anonymous_1)
FN:14,(anonymous_2)
FN:18,(anonymous_3)
FN:24,(anonymous_4)
FN:50,(anonymous_5)
FN:71,(anonymous_6)
FN:75,(anonymous_7)
FN:82,(anonymous_8)
FN:83,(anonymous_9)
FN:100,(anonymous_10)
FN:107,(anonymous_11)
FN:115,(anonymous_12)
FN:123,(anonymous_13)
FN:128,(anonymous_14)
FN:129,(anonymous_15)
FN:135,(anonymous_16)
FN:140,(anonymous_17)
FN:141,(anonymous_18)
FN:147,(anonymous_19)
FN:151,(anonymous_20)
FN:152,(anonymous_21)
FN:159,(anonymous_22)
FN:161,(anonymous_23)
FN:167,(anonymous_24)
FN:171,(anonymous_25)
FN:177,handleKeypress
FN:181,(anonymous_27)
FN:186,(anonymous_28)
FN:193,(anonymous_29)
FN:199,(anonymous_30)
FN:203,(anonymous_31)
FN:206,(anonymous_32)
FN:208,(anonymous_33)
FN:209,(anonymous_34)
FN:216,(anonymous_35)
FN:228,(anonymous_36)
FN:236,(anonymous_37)
FN:245,(anonymous_38)
FN:247,(anonymous_39)
FN:251,(anonymous_40)
FN:255,(anonymous_41)
FN:264,(anonymous_42)
FN:267,(anonymous_43)
FN:268,getDisplayHeight
FN:272,getImageSize
FN:287,(anonymous_46)
FN:293,(anonymous_47)
FN:297,(anonymous_48)
FN:305,(anonymous_49)
FN:307,(anonymous_50)
FN:325,(anonymous_51)
FN:329,(anonymous_52)
FN:341,(anonymous_53)
FN:342,(anonymous_54)
FN:346,(anonymous_55)
FN:347,(anonymous_56)
FNF:56
FNH:44
FNDA:36,(anonymous_1)
FNDA:6,(anonymous_2)
FNDA:1,(anonymous_3)
FNDA:7,(anonymous_4)
FNDA:0,(anonymous_5)
FNDA:0,(anonymous_6)
FNDA:11,(anonymous_7)
FNDA:24,(anonymous_8)
FNDA:10,(anonymous_9)
FNDA:1,(anonymous_10)
FNDA:2,(anonymous_11)
FNDA:2,(anonymous_12)
FNDA:1,(anonymous_13)
FNDA:1,(anonymous_14)
FNDA:1,(anonymous_15)
FNDA:1,(anonymous_16)
FNDA:1,(anonymous_17)
FNDA:1,(anonymous_18)
FNDA:1,(anonymous_19)
FNDA:1,(anonymous_20)
FNDA:1,(anonymous_21)
FNDA:1,(anonymous_22)
FNDA:1,(anonymous_23)
FNDA:1,(anonymous_24)
FNDA:1,(anonymous_25)
FNDA:0,handleKeypress
FNDA:0,(anonymous_27)
FNDA:0,(anonymous_28)
FNDA:0,(anonymous_29)
FNDA:2,(anonymous_30)
FNDA:1,(anonymous_31)
FNDA:1,(anonymous_32)
FNDA:1,(anonymous_33)
FNDA:1,(anonymous_34)
FNDA:0,(anonymous_35)
FNDA:4,(anonymous_36)
FNDA:4,(anonymous_37)
FNDA:12,(anonymous_38)
FNDA:12,(anonymous_39)
FNDA:13,(anonymous_40)
FNDA:12,(anonymous_41)
FNDA:1,(anonymous_42)
FNDA:30,(anonymous_43)
FNDA:30,getDisplayHeight
FNDA:30,getImageSize
FNDA:0,(anonymous_46)
FNDA:0,(anonymous_47)
FNDA:0,(anonymous_48)
FNDA:10,(anonymous_49)
FNDA:16,(anonymous_50)
FNDA:4,(anonymous_51)
FNDA:7,(anonymous_52)
FNDA:0,(anonymous_53)
FNDA:0,(anonymous_54)
FNDA:6,(anonymous_55)
FNDA:8,(anonymous_56)
DA:1,1
DA:4,36
DA:5,36
DA:7,36
DA:15,6
DA:16,6
DA:18,6
DA:19,1
DA:20,1
DA:23,6
DA:24,6
DA:25,7
DA:28,7
DA:29,7
DA:30,7
DA:31,7
DA:32,7
DA:33,6
DA:34,6
DA:36,7
DA:37,4
DA:38,4
DA:42,7
DA:43,17
DA:44,16
DA:47,7
DA:50,6
DA:51,0
DA:53,0
DA:54,0
DA:55,0
DA:56,0
DA:57,0
DA:58,0
DA:61,0
DA:62,0
DA:63,0
DA:64,0
DA:65,0
DA:66,0
DA:71,6
DA:72,0
DA:76,11
DA:79,11
DA:80,11
DA:81,11
DA:82,11
DA:83,24
DA:84,10
DA:86,24
DA:87,24
DA:88,6
DA:89,3
DA:90,3
DA:91,3
DA:92,3
DA:95,21
DA:96,21
DA:97,21
DA:100,11
DA:101,1
DA:102,1
DA:103,1
DA:107,11
DA:108,2
DA:109,1
DA:110,1
DA:111,1
DA:115,11
DA:116,2
DA:117,1
DA:118,1
DA:119,1
DA:123,11
DA:124,1
DA:125,1
DA:126,1
DA:128,1
DA:130,1
DA:131,1
DA:135,11
DA:136,1
DA:137,1
DA:138,1
DA:140,1
DA:142,1
DA:143,1
DA:147,11
DA:148,1
DA:149,1
DA:151,11
DA:152,1
DA:153,1
DA:154,1
DA:155,1
DA:159,11
DA:160,1
DA:161,1
DA:162,1
DA:163,1
DA:164,1
DA:167,11
DA:168,1
DA:172,1
DA:177,1
DA:178,0
DA:181,0
DA:182,0
DA:184,0
DA:186,0
DA:187,0
DA:189,0
DA:192,11
DA:193,11
DA:194,0
DA:199,11
DA:200,2
DA:204,1
DA:207,1
DA:208,1
DA:209,1
DA:210,1
DA:217,0
DA:229,4
DA:237,4
DA:238,0
DA:240,4
DA:246,12
DA:247,12
DA:248,12
DA:249,12
DA:251,12
DA:252,13
DA:253,13
DA:254,12
DA:255,12
DA:256,12
DA:257,12
DA:260,13
DA:262,12
DA:265,1
DA:268,1
DA:269,30
DA:270,30
DA:272,1
DA:273,30
DA:274,30
DA:275,30
DA:276,30
DA:277,30
DA:280,0
DA:283,30
DA:288,0
DA:289,0
DA:290,0
DA:293,30
DA:294,0
DA:295,0
DA:296,0
DA:297,0
DA:298,0
DA:299,0
DA:303,30
DA:306,10
DA:307,10
DA:308,16
DA:309,4
DA:310,12
DA:311,1
DA:312,11
DA:313,1
DA:314,10
DA:315,1
DA:316,9
DA:317,4
DA:318,5
DA:319,2
DA:321,3
DA:326,4
DA:329,4
DA:330,7
DA:331,1
DA:332,6
DA:333,2
DA:334,4
DA:335,2
DA:337,2
DA:342,0
DA:343,0
DA:347,6
DA:348,8
DA:349,1
DA:351,8
LF:193
LH:157
BRDA:25,1,0,1
BRDA:25,1,1,6
BRDA:36,2,0,4
BRDA:36,2,1,3
BRDA:43,3,0,16
BRDA:43,3,1,1
BRDA:43,4,0,17
BRDA:43,4,1,1
BRDA:51,5,0,0
BRDA:51,5,1,0
BRDA:51,6,0,0
BRDA:51,6,1,0
BRDA:51,6,2,0
BRDA:53,7,0,0
BRDA:53,7,1,0
BRDA:55,8,0,0
BRDA:55,8,1,0
BRDA:57,9,0,0
BRDA:57,9,1,0
BRDA:61,10,0,0
BRDA:61,10,1,0
BRDA:63,11,0,0
BRDA:63,11,1,0
BRDA:65,12,0,0
BRDA:65,12,1,0
BRDA:84,13,0,10
BRDA:84,13,1,1
BRDA:88,14,0,3
BRDA:88,14,1,3
BRDA:101,15,0,1
BRDA:101,15,1,0
BRDA:101,16,0,1
BRDA:101,16,1,1
BRDA:108,17,0,1
BRDA:108,17,1,1
BRDA:108,18,0,2
BRDA:108,18,1,1
BRDA:116,19,0,1
BRDA:116,19,1,1
BRDA:116,20,0,2
BRDA:116,20,1,1
BRDA:178,21,0,0
BRDA:178,21,1,0
BRDA:178,21,2,0
BRDA:237,22,0,0
BRDA:237,22,1,4
BRDA:237,23,0,4
BRDA:237,23,1,4
BRDA:253,24,0,12
BRDA:253,24,1,1
BRDA:269,25,0,0
BRDA:269,25,1,30
BRDA:276,26,0,30
BRDA:276,26,1,0
BRDA:296,27,0,0
BRDA:296,27,1,0
BRDA:296,28,0,0
BRDA:296,28,1,0
BRDA:308,29,0,4
BRDA:308,29,1,12
BRDA:310,30,0,1
BRDA:310,30,1,11
BRDA:312,31,0,1
BRDA:312,31,1,10
BRDA:314,32,0,1
BRDA:314,32,1,9
BRDA:316,33,0,4
BRDA:316,33,1,5
BRDA:318,34,0,2
BRDA:318,34,1,3
BRDA:330,35,0,1
BRDA:330,35,1,6
BRDA:332,36,0,2
BRDA:332,36,1,4
BRDA:334,37,0,2
BRDA:334,37,1,2
BRDA:348,38,0,1
BRDA:348,38,1,7
BRF:78
BRH:50
end_of_record
